<?xml version="1.0" encoding="UTF-8"?>
<!-- Generated by org.testng.reporters.JUnitXMLReporter -->
<testsuite ignored="0" hostname="jagan" failures="1" tests="1" name="Test" time="0.047" errors="0" timestamp="2024-04-27T12:40:05 IST">
  <testcase classname="day2_test_01.Parameterseo" name="launchbrowser" time="0.0">
    <failure type="org.testng.TestNGException" message="
Parameter &amp;apos;broswer&amp;apos; is required by @Test on method launchbrowser but has not been marked @Optional or defined
in C:\Users\91789\eclipse-workspace\Selenium_jagan_01\testng.xml">
      <![CDATA[org.testng.TestNGException: 
Parameter 'broswer' is required by @Test on method launchbrowser but has not been marked @Optional or defined
in C:\Users\91789\eclipse-workspace\Selenium_jagan_01\testng.xml
at java.base/java.util.ArrayList.forEach(ArrayList.java:1511)
... Removed 26 stack frames]]>
    </failure>
  </testcase> <!-- launchbrowser -->
</testsuite> <!-- Test -->
